<?xml version="1.0" encoding="UTF-8"?>
<!-- Generated by org.testng.reporters.JUnitReportReporter -->
<testsuite hostname="DESKTOP-R7MLAUS" failures="0" tests="4" name="Hooks.DataProvideLogin" time="25.056" errors="0" timestamp="2025-07-13T17:17:21 IST" skipped="0">
  <testcase classname="Hooks.DataProvideLogin" name="test" time="4.835"/>
  <testcase classname="Hooks.DataProvideLogin" name="test" time="9.434"/>
  <testcase classname="Hooks.DataProvideLogin" name="test" time="6.251"/>
  <testcase classname="Hooks.DataProvideLogin" name="test" time="4.536"/>
</testsuite> <!-- Hooks.DataProvideLogin -->
