<?xml version="1.0" encoding="UTF-8"?>
<!-- Generated by org.testng.reporters.JUnitReportReporter -->
<testsuite hostname="DESKTOP-R7MLAUS" failures="0" tests="8" name="Hooks.DataProvide" time="0.071" errors="0" timestamp="2025-07-13T16:49:13 IST" skipped="0">
  <testcase classname="Hooks.DataProvide" name="test1" time="0.008"/>
  <testcase classname="Hooks.DataProvide" name="test" time="0.006"/>
  <testcase classname="Hooks.DataProvide" name="test1" time="0.003"/>
  <testcase classname="Hooks.DataProvide" name="test" time="0.016"/>
  <testcase classname="Hooks.DataProvide" name="test1" time="0.003"/>
  <testcase classname="Hooks.DataProvide" name="test" time="0.010"/>
  <testcase classname="Hooks.DataProvide" name="test1" time="0.013"/>
  <testcase classname="Hooks.DataProvide" name="test" time="0.012"/>
</testsuite> <!-- Hooks.DataProvide -->
