<?xml version="1.0" encoding="UTF-8"?>
<!-- Generated by org.testng.reporters.JUnitReportReporter -->
<testsuite hostname="DESKTOP-R7MLAUS" failures="0" tests="3" name="Tests.LoginPageTest" time="31.454" errors="0" timestamp="2025-06-14T19:17:41 IST" skipped="0">
  <testcase classname="Tests.LoginPageTest" name="loginPageTitleTest" time="8.385"/>
  <system-out/>
  <testcase classname="Tests.LoginPageTest" name="neoStockImgTest" time="11.803"/>
  <system-out/>
  <testcase classname="Tests.LoginPageTest" name="loginTest" time="11.266"/>
  <system-out/>
</testsuite> <!-- Tests.LoginPageTest -->
