<?xml version="1.0" encoding="UTF-8"?>
<!-- Generated by org.testng.reporters.JUnitReportReporter -->
<testsuite hostname="DESKTOP-R7MLAUS" failures="0" tests="3" name="Tests.LoginPageTest" time="83.337" errors="0" timestamp="2025-07-25T01:41:59 IST" skipped="0">
  <testcase classname="Tests.LoginPageTest" name="loginPageTitleTest" time="26.215"/>
  <testcase classname="Tests.LoginPageTest" name="neoStockImgTest" time="26.209"/>
  <testcase classname="Tests.LoginPageTest" name="loginTest" time="30.913"/>
</testsuite> <!-- Tests.LoginPageTest -->
