<?xml version="1.0" encoding="UTF-8"?>
<!-- Generated by org.testng.reporters.JUnitReportReporter -->
<testsuite hostname="DESKTOP-R7MLAUS" failures="0" tests="6" name="Tests.HomePageTest" time="111.057" errors="0" timestamp="2025-09-15T22:14:48 IST" skipped="0">
  <testcase classname="Tests.HomePageTest" name="placeEquityOrderTest" time="18.643"/>
  <testcase classname="Tests.HomePageTest" name="placeEquityOrderTest" time="16.763"/>
  <testcase classname="Tests.HomePageTest" name="placeEquityOrderTest" time="18.072"/>
  <testcase classname="Tests.HomePageTest" name="placeEquityOrderTest" time="16.616"/>
  <testcase classname="Tests.HomePageTest" name="validateHomepageTitle" time="23.142"/>
  <testcase classname="Tests.HomePageTest" name="placeEquityOrderTest" time="17.821"/>
</testsuite> <!-- Tests.HomePageTest -->
