<?xml version="1.0" encoding="UTF-8"?>
<!-- Generated by org.testng.reporters.JUnitReportReporter -->
<testsuite hostname="DESKTOP-R7MLAUS" failures="0" tests="1" name="RestAssured.JsonSchemaValidator" time="3.792" errors="0" timestamp="2025-07-18T19:14:12 IST" skipped="0">
  <testcase classname="RestAssured.JsonSchemaValidator" name="schemaValidator" time="3.792"/>
</testsuite> <!-- RestAssured.JsonSchemaValidator -->
