<?xml version="1.0" encoding="UTF-8"?>
<!-- Generated by org.testng.reporters.JUnitReportReporter -->
<testsuite hostname="DESKTOP-R7MLAUS" failures="0" tests="3" name="Tests.LoginPageTest" time="27.962" errors="0" timestamp="2025-09-14T00:28:34 IST" skipped="0">
  <testcase classname="Tests.LoginPageTest" name="loginPageTitleTest" time="8.522"/>
  <testcase classname="Tests.LoginPageTest" name="loginTest" time="10.796"/>
  <testcase classname="Tests.LoginPageTest" name="neoStockImgTest" time="8.644"/>
</testsuite> <!-- Tests.LoginPageTest -->
