<?xml version="1.0" encoding="UTF-8"?>
<!-- Generated by org.testng.reporters.JUnitReportReporter -->
<testsuite hostname="DESKTOP-R7MLAUS" failures="0" tests="3" name="Tests.LoginPageTest" time="96.442" errors="0" timestamp="2025-07-25T10:11:54 IST" skipped="0">
  <testcase classname="Tests.LoginPageTest" name="loginPageTitleTest" time="33.839"/>
  <testcase classname="Tests.LoginPageTest" name="loginTest" time="29.977"/>
  <testcase classname="Tests.LoginPageTest" name="neoStockImgTest" time="32.626"/>
</testsuite> <!-- Tests.LoginPageTest -->
