<?xml version="1.0" encoding="UTF-8"?>
<!-- Generated by org.testng.reporters.JUnitReportReporter -->
<testsuite hostname="DESKTOP-R7MLAUS" failures="0" tests="3" name="Tests.LoginPageTest" time="172.452" errors="0" timestamp="2025-07-18T20:46:43 IST" skipped="0">
  <testcase classname="Tests.LoginPageTest" name="loginPageTitleTest" time="68.400"/>
  <testcase classname="Tests.LoginPageTest" name="neoStockImgTest" time="7.585"/>
  <testcase classname="Tests.LoginPageTest" name="loginTest" time="96.467"/>
</testsuite> <!-- Tests.LoginPageTest -->
