<?xml version="1.0" encoding="UTF-8"?>
<!-- Generated by org.testng.reporters.JUnitReportReporter -->
<testsuite hostname="DESKTOP-R7MLAUS" failures="0" tests="3" name="Tests.LoginPageTest" time="28.727" errors="0" timestamp="2025-09-15T20:08:05 IST" skipped="0">
  <testcase classname="Tests.LoginPageTest" name="loginPageTitleTest" time="7.000"/>
  <testcase classname="Tests.LoginPageTest" name="neoStockImgTest" time="10.402"/>
  <testcase classname="Tests.LoginPageTest" name="loginTest" time="11.325"/>
</testsuite> <!-- Tests.LoginPageTest -->
